# JRE version: Java(TM) SE Runtime Environment (8.0_144-b01) (build 1.8.0_144-b01)
# Java VM: Java HotSpot(TM) 64-Bit Server VM (25.144-b01 mixed mode linux-amd64 compressed oops)
Heap:
 PSYoungGen      total 56320K, used 5102K [0x00000000ebe00000, 0x00000000efa00000, 0x0000000100000000)
  eden space 51200K, 0% used [0x00000000ebe00000,0x00000000ebe00000,0x00000000ef000000)
  from space 5120K, 99% used [0x00000000ef000000,0x00000000ef4fbb30,0x00000000ef500000)
  to   space 5120K, 0% used [0x00000000ef500000,0x00000000ef500000,0x00000000efa00000)
 ParOldGen       total 42496K, used 17344K [0x00000000c3a00000, 0x00000000c6380000, 0x00000000ebe00000)
  object space 42496K, 40% used [0x00000000c3a00000,0x00000000c4af02c8,0x00000000c6380000)
 Metaspace       used 20568K, capacity 21066K, committed 21296K, reserved 1069056K
  class space    used 2427K, capacity 2563K, committed 2688K, reserved 1048576K
GC Heap History (10 events):
Event: 7,882 GC heap after
Heap after GC invocations=6 (full 0):
 PSYoungGen      total 21504K, used 3856K [0x00000000ebe00000, 0x00000000ee800000, 0x0000000100000000)
  eden space 15872K, 0% used [0x00000000ebe00000,0x00000000ebe00000,0x00000000ecd80000)
  from space 5632K, 68% used [0x00000000ed300000,0x00000000ed6c4030,0x00000000ed880000)
  to   space 5632K, 0% used [0x00000000ecd80000,0x00000000ecd80000,0x00000000ed300000)
 ParOldGen       total 42496K, used 6073K [0x00000000c3a00000, 0x00000000c6380000, 0x00000000ebe00000)
  object space 42496K, 14% used [0x00000000c3a00000,0x00000000c3fee630,0x00000000c6380000)
 Metaspace       used 13857K, capacity 14246K, committed 14464K, reserved 1062912K
  class space    used 1696K, capacity 1799K, committed 1920K, reserved 1048576K
}
Event: 8,452 GC heap before
{Heap before GC invocations=7 (full 0):
 PSYoungGen      total 21504K, used 19728K [0x00000000ebe00000, 0x00000000ee800000, 0x0000000100000000)
  eden space 15872K, 100% used [0x00000000ebe00000,0x00000000ecd80000,0x00000000ecd80000)
  from space 5632K, 68% used [0x00000000ed300000,0x00000000ed6c4030,0x00000000ed880000)
  to   space 5632K, 0% used [0x00000000ecd80000,0x00000000ecd80000,0x00000000ed300000)
 ParOldGen       total 42496K, used 6073K [0x00000000c3a00000, 0x00000000c6380000, 0x00000000ebe00000)
  object space 42496K, 14% used [0x00000000c3a00000,0x00000000c3fee630,0x00000000c6380000)
 Metaspace       used 14069K, capacity 14566K, committed 14720K, reserved 1062912K
  class space    used 1712K, capacity 1843K, committed 1920K, reserved 1048576K
Event: 8,460 GC heap after
Heap after GC invocations=7 (full 0):
 PSYoungGen      total 21504K, used 2928K [0x00000000ebe00000, 0x00000000ee800000, 0x0000000100000000)
  eden space 15872K, 0% used [0x00000000ebe00000,0x00000000ebe00000,0x00000000ecd80000)
  from space 5632K, 51% used [0x00000000ecd80000,0x00000000ed05c010,0x00000000ed300000)
  to   space 5632K, 0% used [0x00000000ee280000,0x00000000ee280000,0x00000000ee800000)
 ParOldGen       total 42496K, used 7309K [0x00000000c3a00000, 0x00000000c6380000, 0x00000000ebe00000)
  object space 42496K, 17% used [0x00000000c3a00000,0x00000000c4123690,0x00000000c6380000)
 Metaspace       used 14069K, capacity 14566K, committed 14720K, reserved 1062912K
  class space    used 1712K, capacity 1843K, committed 1920K, reserved 1048576K
}
Event: 8,739 GC heap before
{Heap before GC invocations=8 (full 0):
 PSYoungGen      total 21504K, used 18800K [0x00000000ebe00000, 0x00000000ee800000, 0x0000000100000000)
  eden space 15872K, 100% used [0x00000000ebe00000,0x00000000ecd80000,0x00000000ecd80000)
  from space 5632K, 51% used [0x00000000ecd80000,0x00000000ed05c010,0x00000000ed300000)
  to   space 5632K, 0% used [0x00000000ee280000,0x00000000ee280000,0x00000000ee800000)
 ParOldGen       total 42496K, used 7309K [0x00000000c3a00000, 0x00000000c6380000, 0x00000000ebe00000)
  object space 42496K, 17% used [0x00000000c3a00000,0x00000000c4123690,0x00000000c6380000)
 Metaspace       used 14368K, capacity 14822K, committed 14976K, reserved 1062912K
  class space    used 1732K, capacity 1843K, committed 1920K, reserved 1048576K
Event: 8,749 GC heap after
Heap after GC invocations=8 (full 0):
 PSYoungGen      total 37376K, used 2796K [0x00000000ebe00000, 0x00000000ee800000, 0x0000000100000000)
  eden space 31744K, 0% used [0x00000000ebe00000,0x00000000ebe00000,0x00000000edd00000)
  from space 5632K, 49% used [0x00000000ee280000,0x00000000ee53b050,0x00000000ee800000)
  to   space 5632K, 0% used [0x00000000edd00000,0x00000000edd00000,0x00000000ee280000)
 ParOldGen       total 42496K, used 8175K [0x00000000c3a00000, 0x00000000c6380000, 0x00000000ebe00000)
  object space 42496K, 19% used [0x00000000c3a00000,0x00000000c41fbeb0,0x00000000c6380000)
 Metaspace       used 14368K, capacity 14822K, committed 14976K, reserved 1062912K
  class space    used 1732K, capacity 1843K, committed 1920K, reserved 1048576K
}
Event: 37,261 GC heap before
{Heap before GC invocations=9 (full 0):
 PSYoungGen      total 37376K, used 34502K [0x00000000ebe00000, 0x00000000ee800000, 0x0000000100000000)
  eden space 31744K, 99% used [0x00000000ebe00000,0x00000000edcf6b30,0x00000000edd00000)
  from space 5632K, 49% used [0x00000000ee280000,0x00000000ee53b050,0x00000000ee800000)
  to   space 5632K, 0% used [0x00000000edd00000,0x00000000edd00000,0x00000000ee280000)
 ParOldGen       total 42496K, used 8175K [0x00000000c3a00000, 0x00000000c6380000, 0x00000000ebe00000)
  object space 42496K, 19% used [0x00000000c3a00000,0x00000000c41fbeb0,0x00000000c6380000)
 Metaspace       used 17765K, capacity 18314K, committed 18560K, reserved 1064960K
  class space    used 2190K, capacity 2307K, committed 2432K, reserved 1048576K
Event: 41,246 GC heap after
Heap after GC invocations=9 (full 0):
 PSYoungGen      total 37376K, used 3214K [0x00000000ebe00000, 0x00000000efa00000, 0x0000000100000000)
  eden space 31744K, 0% used [0x00000000ebe00000,0x00000000ebe00000,0x00000000edd00000)
  from space 5632K, 57% used [0x00000000edd00000,0x00000000ee0238f0,0x00000000ee280000)
  to   space 5120K, 0% used [0x00000000ef500000,0x00000000ef500000,0x00000000efa00000)
 ParOldGen       total 42496K, used 9503K [0x00000000c3a00000, 0x00000000c6380000, 0x00000000ebe00000)
  object space 42496K, 22% used [0x00000000c3a00000,0x00000000c4347ec0,0x00000000c6380000)
 Metaspace       used 17765K, capacity 18314K, committed 18560K, reserved 1064960K
  class space    used 2190K, capacity 2307K, committed 2432K, reserved 1048576K
}
Event: 53,517 GC heap before
{Heap before GC invocations=10 (full 0):
 PSYoungGen      total 37376K, used 34958K [0x00000000ebe00000, 0x00000000efa00000, 0x0000000100000000)
  eden space 31744K, 100% used [0x00000000ebe00000,0x00000000edd00000,0x00000000edd00000)
  from space 5632K, 57% used [0x00000000edd00000,0x00000000ee0238f0,0x00000000ee280000)
  to   space 5120K, 0% used [0x00000000ef500000,0x00000000ef500000,0x00000000efa00000)
 ParOldGen       total 42496K, used 9503K [0x00000000c3a00000, 0x00000000c6380000, 0x00000000ebe00000)
  object space 42496K, 22% used [0x00000000c3a00000,0x00000000c4347ec0,0x00000000c6380000)
 Metaspace       used 18387K, capacity 18922K, committed 19072K, reserved 1067008K
  class space    used 2259K, capacity 2403K, committed 2432K, reserved 1048576K
Event: 54,420 GC heap after
Heap after GC invocations=10 (full 0):
 PSYoungGen      total 56320K, used 2359K [0x00000000ebe00000, 0x00000000efa00000, 0x0000000100000000)
  eden space 51200K, 0% used [0x00000000ebe00000,0x00000000ebe00000,0x00000000ef000000)
  from space 5120K, 46% used [0x00000000ef500000,0x00000000ef74ded0,0x00000000efa00000)
  to   space 5120K, 0% used [0x00000000ef000000,0x00000000ef000000,0x00000000ef500000)
 ParOldGen       total 42496K, used 10591K [0x00000000c3a00000, 0x00000000c6380000, 0x00000000ebe00000)
  object space 42496K, 24% used [0x00000000c3a00000,0x00000000c4457ec0,0x00000000c6380000)
 Metaspace       used 18387K, capacity 18922K, committed 19072K, reserved 1067008K
  class space    used 2259K, capacity 2403K, committed 2432K, reserved 1048576K
}
Event: 122,481 GC heap before
{Heap before GC invocations=11 (full 0):
 PSYoungGen      total 56320K, used 52712K [0x00000000ebe00000, 0x00000000efa00000, 0x0000000100000000)
  eden space 51200K, 98% used [0x00000000ebe00000,0x00000000eef2c3a8,0x00000000ef000000)
  from space 5120K, 46% used [0x00000000ef500000,0x00000000ef74ded0,0x00000000efa00000)
  to   space 5120K, 0% used [0x00000000ef000000,0x00000000ef000000,0x00000000ef500000)
 ParOldGen       total 42496K, used 10591K [0x00000000c3a00000, 0x00000000c6380000, 0x00000000ebe00000)
  object space 42496K, 24% used [0x00000000c3a00000,0x00000000c4457ec0,0x00000000c6380000)
 Metaspace       used 20568K, capacity 21066K, committed 21296K, reserved 1069056K
  class space    used 2427K, capacity 2563K, committed 2688K, reserved 1048576K

